0 info it worked if it ends with ok
1 verbose cli [ '/Users/Reagan/.nvm/v0.10.36/bin/node',
1 verbose cli   '/Users/Reagan/.nvm/v0.10.36/bin/npm',
1 verbose cli   'publish' ]
2 info using npm@1.4.28
3 info using node@v0.10.36
4 verbose publish [ '.' ]
5 verbose cache add [ '.', null ]
6 verbose cache add name=undefined spec="." args=[".",null]
7 verbose parsed url { protocol: null,
7 verbose parsed url   slashes: null,
7 verbose parsed url   auth: null,
7 verbose parsed url   host: null,
7 verbose parsed url   port: null,
7 verbose parsed url   hostname: null,
7 verbose parsed url   hash: null,
7 verbose parsed url   search: null,
7 verbose parsed url   query: null,
7 verbose parsed url   pathname: '.',
7 verbose parsed url   path: '.',
7 verbose parsed url   href: '.' }
8 silly lockFile 3a52ce78- .
9 verbose lock . /Users/Reagan/.npm/3a52ce78-.lock
10 verbose tar pack [ '/Users/Reagan/.npm/gulp-simple-task-loader/1.0.37/package.tgz',
10 verbose tar pack   '.' ]
11 verbose tarball /Users/Reagan/.npm/gulp-simple-task-loader/1.0.37/package.tgz
12 verbose folder .
13 info prepublish gulp-simple-task-loader@1.0.37
14 silly lockFile 1f1177db-tar tar://.
15 verbose lock tar://. /Users/Reagan/.npm/1f1177db-tar.lock
16 silly lockFile 2521a969-e-task-loader-1-0-37-package-tgz tar:///Users/Reagan/.npm/gulp-simple-task-loader/1.0.37/package.tgz
17 verbose lock tar:///Users/Reagan/.npm/gulp-simple-task-loader/1.0.37/package.tgz /Users/Reagan/.npm/2521a969-e-task-loader-1-0-37-package-tgz.lock
18 silly lockFile 1f1177db-tar tar://.
19 silly lockFile 1f1177db-tar tar://.
20 silly lockFile 2521a969-e-task-loader-1-0-37-package-tgz tar:///Users/Reagan/.npm/gulp-simple-task-loader/1.0.37/package.tgz
21 silly lockFile 2521a969-e-task-loader-1-0-37-package-tgz tar:///Users/Reagan/.npm/gulp-simple-task-loader/1.0.37/package.tgz
22 silly lockFile ec02064d-imple-task-loader-1-0-37-package /Users/Reagan/.npm/gulp-simple-task-loader/1.0.37/package
23 verbose lock /Users/Reagan/.npm/gulp-simple-task-loader/1.0.37/package /Users/Reagan/.npm/ec02064d-imple-task-loader-1-0-37-package.lock
24 silly lockFile ec02064d-imple-task-loader-1-0-37-package /Users/Reagan/.npm/gulp-simple-task-loader/1.0.37/package
25 silly lockFile ec02064d-imple-task-loader-1-0-37-package /Users/Reagan/.npm/gulp-simple-task-loader/1.0.37/package
26 silly lockFile 3a52ce78- .
27 silly lockFile 3a52ce78- .
28 silly publish { name: 'gulp-simple-task-loader',
28 silly publish   version: '1.0.37',
28 silly publish   description: 'A simple task loader for gulp',
28 silly publish   keywords: [ 'gulp', 'task', 'loader', 'simple' ],
28 silly publish   main: 'build/index.js',
28 silly publish   scripts: { test: 'gulp test' },
28 silly publish   author: { name: 'Reagan Thomas' },
28 silly publish   contributors:
28 silly publish    [ { name: 'Jonathan Chapman',
28 silly publish        email: 'chafnan@gmail.com',
28 silly publish        url: 'https://github.com/chafnan' } ],
28 silly publish   license: 'MIT',
28 silly publish   repository:
28 silly publish    { type: 'git',
28 silly publish      url: 'http://github.com/reaganthomas/gulp-simple-task-loader' },
28 silly publish   dependencies: { gulp: '^3.8.11', lodash: '^3.3.1' },
28 silly publish   devDependencies:
28 silly publish    { 'coffee-script': '^1.9.1',
28 silly publish      coveralls: '^2.11.2',
28 silly publish      'gulp-6to5': '^3.0.0',
28 silly publish      'gulp-bump': '^0.2.2',
28 silly publish      'gulp-istanbul': '^0.6.0',
28 silly publish      'gulp-mocha': '^2.0.0',
28 silly publish      istanbul: '^0.3.7',
28 silly publish      mocha: '^2.2.1',
28 silly publish      'mocha-lcov-reporter': '0.0.2' },
28 silly publish   readme: 'Gulp Simple Task Loader\n=======================\n\n[![NPM](https://nodei.co/npm/gulp-simple-task-loader.png?downloads=true&downloadRank=true&stars=true)](https://nodei.co/npm/gulp-simple-task-loader/)\n\n[![npm version](https://badge.fury.io/js/gulp-simple-task-loader.svg)](http://badge.fury.io/js/gulp-simple-task-loader)\n[![Coverage Status](https://coveralls.io/repos/reaganthomas/gulp-simple-task-loader/badge.svg)](https://coveralls.io/r/reaganthomas/gulp-simple-task-loader)\n[![Build Status](https://travis-ci.org/reaganthomas/gulp-simple-task-loader.svg)](https://travis-ci.org/reaganthomas/gulp-simple-task-loader)\n[![Dependency Status](https://david-dm.org/reaganthomas/gulp-simple-task-loader.svg)](https://david-dm.org/reaganthomas/gulp-simple-task-loader)\n[![Codacy Badge](https://www.codacy.com/project/badge/1df06ca33c3d430992798f311eab6577)](https://www.codacy.com/public/reaganmthomas/gulp-simple-task-loader)\n\n[![Pull Requests Status](http://issuestats.com/github/reaganthomas/gulp-simple-task-loader/badge/pr?style=flat)](http://issuestats.com/github/reaganthomas/gulp-simple-task-loader/badge/pr?style=flat)\n[![Issues Status](http://issuestats.com/github/reaganthomas/gulp-simple-task-loader/badge/issue?style=flat)](http://issuestats.com/github/reaganthomas/gulp-simple-task-loader/badge/issue?style=flat)\n[![Tips Status](http://img.shields.io/gratipay/reaganthomas.svg)](http://img.shields.io/gratipay/reaganthomas.svg)\n\n[![Support via Gratipay](https://cdn.rawgit.com/gratipay/gratipay-badge/2.3.0/dist/gratipay.svg)](https://gratipay.com/reaganthomas/)\n\nEasily modularize gulp tasks and minify your gulpfile. Works well with [gulp-load-plugins](https://www.npmjs.com/package/gulp-load-plugins).\n\n## Installation\n\n```sh\nnpm install gulp-simple-task-loader --save-dev\n```\n\n## Usage\n\n```js\nvar taskLoader = require(\'gulp-simple-task-loader\');\ntaskLoader(options);\n```\n\nThis will load and register tasks for all files defined in your `taskDirectory`.\n\n## Options\nYou can pass in an options object as shown below. The values shown below are the defaults.\n\n```js\ntaskLoader({\n  taskDirectory: \'gulp-tasks\', // the directory your tasks are stored in\n  plugins: {},                 // the plugins to expose to your tasks\n  filenameDelimiter: \'\',       // a character or string of characters to replace in task filenames\n  taskDelimiter: \'\',           // a character or string of characters to insert in place of removed filenameDelimiter\n  config: {}                   // an object to store configuration for use in tasks\n});\n```\n\n### Task Directory\n\nOnly put gulp tasks in your `taskDirectory`. All `.js` files in this directory will be attempted to be read as gulp tasks. Nested directories are supported as of `v1.0.29`.\n\n### Delimiters\n\nThe purpose of the delimiters is to allow flexibility in task naming. A common convention for task names is to delimit using the `:` character, however `:`\'s are not generally used or allowed in file names. A common usage of the delimiters is as follows:\n\n```js\ntaskLoader({\n  filenameDelimiter: \'-\',\n  taskDelimiter: \':\'\n});\n```\n\nThese options would convert a filename such as `move-all.js` to a task with the name `move:all`.\n\n### Plugins\n\n##### Using gulp-load-plugins\n\nYou can use [gulp-load-plugins](https://www.npmjs.com/package/gulp-load-plugins) to easily lazy-load your gulp plugins. Use gulp-load-plugins in conjunction with gulp-simple-task-loader to minimize your gulpfile.\n\n```js\n\'use strict\';\n\nvar taskLoader = require(\'gulp-simple-task-loader\');\nvar plugins = require(\'gulp-load-plugins\')();\n\ntaskLoader({ plugins: plugins });\n```\n\n##### Passing in plugins manually\n\nIf not using gulp-load-plugins you must specify which plugins you want made available to your tasks.\n\n```js\n\'use strict\';\n\nvar taskLoader = require(\'gulp-simple-task-loader\');\nvar plugins = {\n  bump: require(\'gulp-bump\'),\n  mocha: require(\'gulp-mocha\')\n};\n\ntaskLoader({ plugins: plugins });\n```\n\n## Structuring a task\n\nAll tasks should be functions that receive the parameters `gulp`, `config`, and `plugins`.\n\nThere are 2 ways to structure a task -- returning a function that executes the task, or returning an object that contains dependencies and the function that executes the task.\n\n### Basic tasks\n\n```js\n\'use strict\';\n\nmodule.exports = function(gulp, config, plugins) {\n  return function([callback]) {}; // the task functionality -- callback optional\n};\n```\n\n### Tasks with dependencies\n\nBoth `deps` and `fn` are optional. This allows you to create a task that strictly calls other tasks, or a task that doesn\'t have dependencies. If there are no dependencies for the task you can use the above format for creating a basic task.\n\nThe values shown below are the defaults.\n\n```js\n\'use strict\';\n\nmodule.exports = function(gulp, config, plugins) {\n  return {\n    deps: [],                   // an array of task names to execute before this task\n    fn: function([callback]) {} // the task functionality -- callback optional\n  };\n};\n```\n\n## Complete examples\n\n### Using gulp-load-plugins\n\n```js\n(gulpfile.js)\n\n\'use strict\';\n\nvar taskLoader = require(\'gulp-simple-task-loader\');\nvar plugins = require(\'gulp-load-plugins\');\n\ntaskLoader({\n  filenameDelimiter: \'-\',\n  tasknameDelimiter: \':\',\n  plugins: plugins\n});\n```\n\n```js\n(tasks/lint-all.js)\n\n\'use strict\';\n\nmodule.exports = function(gulp, config, plugins) {\n  return {\n    deps: [ \'lint:client\', \'lint:server\' ]\n  };\n};\n```\n\n```js\n(tasks/lint-client.js)\n\n\'use strict\';\n\nmodule.exports = function(gulp, config, plugins) {\n  return function() {\n    return gulp.src(\'./client/**/*.js\')\n      .pipe(plugins.jshint);\n  };\n};\n```\n\n```js\n(tasks/lint-server.js)\n\n\'use strict\';\n\nmodule.exports = function(gulp, config, plugins) {\n  return function() {\n    return gulp.src(\'./server/**/*.js\')\n      .pipe(plugins.jshint);\n  };\n};\n```\n',
28 silly publish   readmeFilename: 'README.md',
28 silly publish   gitHead: 'd78e36f06957b78e093a763ca3c3bef35559b3d2',
28 silly publish   bugs: { url: 'https://github.com/reaganthomas/gulp-simple-task-loader/issues' },
28 silly publish   homepage: 'https://github.com/reaganthomas/gulp-simple-task-loader',
28 silly publish   _id: 'gulp-simple-task-loader@1.0.37',
28 silly publish   _shasum: 'dd66dbe11e991b9d7175debb0d9fd87c4b125d8c',
28 silly publish   _from: '.' }
29 verbose request where is /gulp-simple-task-loader
30 verbose request registry https://registry.npmjs.org/
31 verbose request id 0b2f77b71dcbef3e
32 verbose url raw /gulp-simple-task-loader
33 verbose url resolving [ 'https://registry.npmjs.org/', './gulp-simple-task-loader' ]
34 verbose url resolved https://registry.npmjs.org/gulp-simple-task-loader
35 verbose request where is https://registry.npmjs.org/gulp-simple-task-loader
36 info trying registry request attempt 1 at 16:33:48
37 http PUT https://registry.npmjs.org/gulp-simple-task-loader
38 http 403 https://registry.npmjs.org/gulp-simple-task-loader
39 verbose headers { 'content-type': 'application/json',
39 verbose headers   'cache-control': 'max-age=60',
39 verbose headers   'content-length': '96',
39 verbose headers   'accept-ranges': 'bytes',
39 verbose headers   date: 'Thu, 21 May 2015 21:37:37 GMT',
39 verbose headers   via: '1.1 varnish',
39 verbose headers   connection: 'keep-alive',
39 verbose headers   'x-served-by': 'cache-ord1728-ORD',
39 verbose headers   'x-cache': 'MISS',
39 verbose headers   'x-cache-hits': '0',
39 verbose headers   'x-timer': 'S1432244256.954160,VS0,VE329' }
40 error publish Failed PUT 403
41 error Error: "You cannot publish over the previously published version 1.0.37." : gulp-simple-task-loader
41 error     at RegClient.<anonymous> (/Users/Reagan/.nvm/v0.10.36/lib/node_modules/npm/node_modules/npm-registry-client/lib/request.js:308:14)
41 error     at Request._callback (/Users/Reagan/.nvm/v0.10.36/lib/node_modules/npm/node_modules/npm-registry-client/lib/request.js:246:65)
41 error     at Request.self.callback (/Users/Reagan/.nvm/v0.10.36/lib/node_modules/npm/node_modules/request/request.js:236:22)
41 error     at Request.emit (events.js:98:17)
41 error     at Request.<anonymous> (/Users/Reagan/.nvm/v0.10.36/lib/node_modules/npm/node_modules/request/request.js:1142:14)
41 error     at Request.emit (events.js:117:20)
41 error     at IncomingMessage.<anonymous> (/Users/Reagan/.nvm/v0.10.36/lib/node_modules/npm/node_modules/request/request.js:1096:12)
41 error     at IncomingMessage.emit (events.js:117:20)
41 error     at _stream_readable.js:944:16
41 error     at process._tickCallback (node.js:442:13)
42 error If you need help, you may report this *entire* log,
42 error including the npm and node versions, at:
42 error     <http://github.com/npm/npm/issues>
43 error System Darwin 13.4.0
44 error command "/Users/Reagan/.nvm/v0.10.36/bin/node" "/Users/Reagan/.nvm/v0.10.36/bin/npm" "publish"
45 error cwd /Users/Reagan/Desktop/gulp-simple-task-loader
46 error node -v v0.10.36
47 error npm -v 1.4.28
48 verbose exit [ 1, true ]
